    {
 "data": [
  {
   "description": "Пароль входа веб-консоли",
   "name": "ui_password",
   "type": "string",
   "value": "admin"
  },
  {
   "description": "Признак использования {'result':true, 'data': <основной ответ>} обертки Melezh над оригинальными ответами функций (не влияет на не-JSON ответы)",
   "name": "res_wrapper",
   "type": "bool",
   "value": true
  },
  {
   "description": "Максимальный размер тела запроса, при превышении которого он не будет обработан (в байтах). 0 - без ограничений",
   "name": "req_max_size",
   "type": "number",
   "value": 209715200
  },
  {
   "description": "Путь сохранения логов. Для отключения логирования установите пустое значение",
   "name": "logs_path",
   "type": "string",
   "value": "C:/Users/bayselonarrend/AppData/Local/Temp/Melezh/46efe674-c066-4737-a4ef-ba26c6f750ff"
  },
  {
   "description": "Логирование заголовков входящих запросов",
   "name": "logs_req_headers",
   "type": "bool",
   "value": true
  },
  {
   "description": "Логирование тела входящих запросов",
   "name": "logs_req_body",
   "type": "bool",
   "value": true
  },
  {
   "description": "Отключение логирования logs_req_body для запросов, свыше этого размер (в байтах). 0 - без ограничений",
   "name": "logs_req_max_size",
   "type": "number",
   "value": 104857600
  },
  {
   "description": "Логирование тела исходящих ответов",
   "name": "logs_res_body",
   "type": "bool",
   "value": true
  },
  {
   "description": "Отключение логирования logs_res_body для запросов, свыше этого размер (в байтах). 0 - без ограничений",
   "name": "logs_res_max_size",
   "type": "number",
   "value": 104857600
  },
  {
   "description": "Базовый путь API. Все маршруты будут доступны с указанного префикса. Например: /melezh",
   "name": "base_path",
   "type": "string",
   "value": ""
  },
  {
   "description": "Дополнительный каталог расширений (для применения требуется обновление кэша или перезагрузка)",
   "name": "ext_path",
   "type": "string",
   "value": ""
  }
 ],
 "result": true
}
